{"contracts/Diamond.sol":{"l":{"17":3,"20":3,"21":3,"22":3,"23":3,"24":3,"27":3,"29":3,"35":33,"36":33,"38":33,"42":33,"43":33,"45":33},"path":"/Users/coderdan/Documents/GitHub/gv-camera-nft/contracts/Diamond.sol","s":{"1":3,"2":3,"3":3,"4":3,"5":3,"6":33,"7":33,"8":33,"9":33},"b":{"1":[33,0]},"f":{"1":3,"2":33},"fnMap":{"1":{"name":"constructor","line":16,"loc":{"start":{"line":16,"column":4},"end":{"line":30,"column":4}}},"2":{"name":null,"line":34,"loc":{"start":{"line":34,"column":4},"end":{"line":61,"column":4}}}},"statementMap":{"1":{"start":{"line":17,"column":8},"end":{"line":17,"column":50}},"2":{"start":{"line":20,"column":8},"end":{"line":20,"column":73}},"3":{"start":{"line":21,"column":8},"end":{"line":21,"column":59}},"4":{"start":{"line":24,"column":8},"end":{"line":24,"column":49}},"5":{"start":{"line":27,"column":8},"end":{"line":27,"column":76}},"6":{"start":{"line":35,"column":8},"end":{"line":35,"column":44}},"7":{"start":{"line":36,"column":8},"end":{"line":36,"column":62}},"8":{"start":{"line":42,"column":8},"end":{"line":42,"column":75}},"9":{"start":{"line":43,"column":8},"end":{"line":43,"column":71}}},"branchMap":{"1":{"line":43,"type":"if","locations":[{"start":{"line":43,"column":8},"end":{"line":43,"column":8}},{"start":{"line":43,"column":8},"end":{"line":43,"column":8}}]}}},"contracts/facets/AdminFacet.sol":{"l":{"12":1,"13":1,"17":2,"18":2},"path":"/Users/coderdan/Documents/GitHub/gv-camera-nft/contracts/facets/AdminFacet.sol","s":{"1":1,"2":2,"3":2},"b":{"1":[1,0]},"f":{"1":1,"2":2},"fnMap":{"1":{"name":"setRoyaltyPercentage","line":11,"loc":{"start":{"line":11,"column":4},"end":{"line":14,"column":4}}},"2":{"name":"getRoyaltyPercentage","line":16,"loc":{"start":{"line":16,"column":4},"end":{"line":19,"column":4}}}},"statementMap":{"1":{"start":{"line":12,"column":8},"end":{"line":12,"column":76}},"2":{"start":{"line":17,"column":8},"end":{"line":17,"column":76}},"3":{"start":{"line":18,"column":8},"end":{"line":18,"column":35}}},"branchMap":{"1":{"line":11,"type":"if","locations":[{"start":{"line":11,"column":71},"end":{"line":11,"column":71}},{"start":{"line":11,"column":71},"end":{"line":11,"column":71}}]}}},"contracts/facets/NFTFacet.sol":{"l":{"35":7,"36":7,"38":7,"53":7,"55":7,"56":7,"69":1,"78":1,"79":2,"99":2,"101":2,"102":1,"105":1,"107":1,"108":1,"109":1,"112":1,"116":1,"121":1,"122":1,"124":1,"126":1,"153":1,"155":1},"path":"/Users/coderdan/Documents/GitHub/gv-camera-nft/contracts/facets/NFTFacet.sol","s":{"1":7,"2":7,"3":7,"4":7,"5":7,"6":7,"7":1,"8":1,"9":2,"10":2,"11":2,"12":1,"13":1,"14":1,"15":1,"16":1,"17":1,"18":1,"19":1,"20":1,"21":1,"22":1,"23":1},"b":{"1":[7,0],"2":[1,0],"3":[1,0],"4":[1,1],"5":[1,0],"6":[1,0]},"f":{"1":3,"2":7,"3":1,"4":2,"5":1,"6":1,"7":1},"fnMap":{"1":{"name":"constructor","line":23,"loc":{"start":{"line":23,"column":4},"end":{"line":23,"column":54}}},"2":{"name":"mintPhotoToOwner","line":34,"loc":{"start":{"line":25,"column":4},"end":{"line":57,"column":4}}},"3":{"name":"batchMintPhotos","line":68,"loc":{"start":{"line":59,"column":4},"end":{"line":90,"column":4}}},"4":{"name":"getPhotos","line":98,"loc":{"start":{"line":98,"column":4},"end":{"line":113,"column":4}}},"5":{"name":"getPhotosLength","line":115,"loc":{"start":{"line":115,"column":4},"end":{"line":117,"column":4}}},"6":{"name":"tokenURI","line":120,"loc":{"start":{"line":120,"column":4},"end":{"line":150,"column":4}}},"7":{"name":"royaltyInfo","line":152,"loc":{"start":{"line":152,"column":4},"end":{"line":156,"column":4}}}},"statementMap":{"1":{"start":{"line":35,"column":8},"end":{"line":35,"column":76}},"2":{"start":{"line":36,"column":8},"end":{"line":36,"column":40}},"3":{"start":{"line":38,"column":8},"end":{"line":38,"column":1262}},"4":{"start":{"line":53,"column":8},"end":{"line":53,"column":24}},"5":{"start":{"line":55,"column":8},"end":{"line":55,"column":135}},"6":{"start":{"line":56,"column":8},"end":{"line":56,"column":20}},"7":{"start":{"line":69,"column":8},"end":{"line":69,"column":2326}},"8":{"start":{"line":78,"column":8},"end":{"line":78,"column":2715}},"9":{"start":{"line":79,"column":12},"end":{"line":79,"column":2775}},"10":{"start":{"line":99,"column":8},"end":{"line":99,"column":76}},"11":{"start":{"line":101,"column":8},"end":{"line":101,"column":3609}},"12":{"start":{"line":102,"column":12},"end":{"line":102,"column":28}},"13":{"start":{"line":105,"column":8},"end":{"line":105,"column":98}},"14":{"start":{"line":107,"column":8},"end":{"line":107,"column":3788}},"15":{"start":{"line":108,"column":12},"end":{"line":108,"column":96}},"16":{"start":{"line":112,"column":8},"end":{"line":112,"column":30}},"17":{"start":{"line":116,"column":8},"end":{"line":116,"column":59}},"18":{"start":{"line":121,"column":8},"end":{"line":121,"column":76}},"19":{"start":{"line":122,"column":8},"end":{"line":122,"column":67}},"20":{"start":{"line":124,"column":8},"end":{"line":124,"column":62}},"21":{"start":{"line":126,"column":8},"end":{"line":126,"column":4546}},"22":{"start":{"line":153,"column":8},"end":{"line":153,"column":76}},"23":{"start":{"line":155,"column":8},"end":{"line":155,"column":101}}},"branchMap":{"1":{"line":34,"type":"if","locations":[{"start":{"line":34,"column":13},"end":{"line":34,"column":13}},{"start":{"line":34,"column":13},"end":{"line":34,"column":13}}]},"2":{"line":68,"type":"if","locations":[{"start":{"line":68,"column":15},"end":{"line":68,"column":15}},{"start":{"line":68,"column":15},"end":{"line":68,"column":15}}]},"3":{"line":69,"type":"if","locations":[{"start":{"line":69,"column":8},"end":{"line":69,"column":8}},{"start":{"line":69,"column":8},"end":{"line":69,"column":8}}]},"4":{"line":101,"type":"if","locations":[{"start":{"line":101,"column":8},"end":{"line":101,"column":8}},{"start":{"line":101,"column":8},"end":{"line":101,"column":8}}]},"5":{"line":108,"type":"if","locations":[{"start":{"line":108,"column":12},"end":{"line":108,"column":12}},{"start":{"line":108,"column":12},"end":{"line":108,"column":12}}]},"6":{"line":122,"type":"if","locations":[{"start":{"line":122,"column":8},"end":{"line":122,"column":8}},{"start":{"line":122,"column":8},"end":{"line":122,"column":8}}]}}},"contracts/interfaces/IDiamondCut.sol":{"l":{},"path":"/Users/coderdan/Documents/GitHub/gv-camera-nft/contracts/interfaces/IDiamondCut.sol","s":{},"b":{},"f":{},"fnMap":{},"statementMap":{},"branchMap":{}},"contracts/interfaces/IDiamondLoupe.sol":{"l":{},"path":"/Users/coderdan/Documents/GitHub/gv-camera-nft/contracts/interfaces/IDiamondLoupe.sol","s":{},"b":{},"f":{},"fnMap":{},"statementMap":{},"branchMap":{}},"contracts/interfaces/IERC1155.sol":{"l":{},"path":"/Users/coderdan/Documents/GitHub/gv-camera-nft/contracts/interfaces/IERC1155.sol","s":{},"b":{},"f":{},"fnMap":{},"statementMap":{},"branchMap":{}},"contracts/interfaces/IERC165.sol":{"l":{},"path":"/Users/coderdan/Documents/GitHub/gv-camera-nft/contracts/interfaces/IERC165.sol","s":{},"b":{},"f":{},"fnMap":{},"statementMap":{},"branchMap":{}},"contracts/interfaces/IERC173.sol":{"l":{},"path":"/Users/coderdan/Documents/GitHub/gv-camera-nft/contracts/interfaces/IERC173.sol","s":{},"b":{},"f":{},"fnMap":{},"statementMap":{},"branchMap":{}},"contracts/interfaces/IERC2981.sol":{"l":{},"path":"/Users/coderdan/Documents/GitHub/gv-camera-nft/contracts/interfaces/IERC2981.sol","s":{},"b":{},"f":{},"fnMap":{},"statementMap":{},"branchMap":{}},"contracts/interfaces/IERC721.sol":{"l":{},"path":"/Users/coderdan/Documents/GitHub/gv-camera-nft/contracts/interfaces/IERC721.sol","s":{},"b":{},"f":{},"fnMap":{},"statementMap":{},"branchMap":{}},"contracts/libraries/LibAppStorage.sol":{"l":{"27":26,"35":1,"36":1,"40":8,"44":8},"path":"/Users/coderdan/Documents/GitHub/gv-camera-nft/contracts/libraries/LibAppStorage.sol","s":{"1":1,"2":8},"b":{"1":[1,0],"2":[8,0],"3":[0,8]},"f":{"1":26,"2":1,"3":8},"fnMap":{"1":{"name":"diamondStorage","line":26,"loc":{"start":{"line":26,"column":4},"end":{"line":30,"column":4}}},"2":{"name":"onlyContractOwner","line":34,"loc":{"start":{"line":34,"column":4},"end":{"line":37,"column":4}}},"3":{"name":"onlyMinterOrContractOwner","line":39,"loc":{"start":{"line":39,"column":4},"end":{"line":45,"column":4}}}},"statementMap":{"1":{"start":{"line":35,"column":8},"end":{"line":35,"column":94}},"2":{"start":{"line":40,"column":8},"end":{"line":40,"column":933}}},"branchMap":{"1":{"line":35,"type":"if","locations":[{"start":{"line":35,"column":8},"end":{"line":35,"column":8}},{"start":{"line":35,"column":8},"end":{"line":35,"column":8}}]},"2":{"line":40,"type":"if","locations":[{"start":{"line":40,"column":8},"end":{"line":40,"column":8}},{"start":{"line":40,"column":8},"end":{"line":40,"column":8}}]},"3":{"line":41,"type":"cond-expr","locations":[{"start":{"line":41,"column":12},"end":{"line":41,"column":62}},{"start":{"line":41,"column":67},"end":{"line":41,"column":106}}]}}},"contracts/libraries/LibDiamond.sol":{"l":{"45":36,"47":36,"55":4,"56":4,"57":4,"58":4,"62":11,"66":3,"73":4,"74":7,"75":7,"76":7,"78":0,"80":0,"82":0,"85":4,"86":4,"90":7,"91":7,"92":7,"93":7,"95":7,"96":7,"98":7,"99":29,"100":29,"101":29,"102":29,"103":29,"108":0,"109":0,"110":0,"111":0,"113":0,"114":0,"116":0,"117":0,"118":0,"119":0,"120":0,"121":0,"122":0,"127":0,"128":0,"130":0,"131":0,"132":0,"133":0,"134":0,"139":7,"140":7,"141":7,"145":29,"146":29,"147":29,"151":0,"153":0,"155":0,"156":0,"158":0,"159":0,"160":0,"161":0,"164":0,"165":0,"168":0,"170":0,"171":0,"172":0,"173":0,"174":0,"175":0,"177":0,"178":0,"183":4,"184":3,"186":1,"187":1,"188":1,"189":0,"192":0,"197":0,"203":8,"204":8,"207":8},"path":"/Users/coderdan/Documents/GitHub/gv-camera-nft/contracts/libraries/LibDiamond.sol","s":{"1":36,"2":4,"3":4,"4":4,"5":3,"6":4,"7":7,"8":7,"9":7,"10":0,"11":0,"12":0,"13":0,"14":0,"15":4,"16":4,"17":7,"18":7,"19":7,"20":7,"21":7,"22":7,"23":7,"24":29,"25":29,"26":29,"27":29,"28":0,"29":0,"30":0,"31":0,"32":0,"33":0,"34":0,"35":0,"36":0,"37":0,"38":0,"39":0,"40":0,"41":0,"42":0,"43":0,"44":0,"45":0,"46":0,"47":7,"48":7,"49":29,"50":0,"51":0,"52":0,"53":0,"54":0,"55":0,"56":0,"57":0,"58":0,"59":0,"60":0,"61":0,"62":0,"63":4,"64":3,"65":1,"66":1,"67":1,"68":0,"69":8,"70":8},"b":{"1":[2,1],"2":[7,0],"3":[0,0],"4":[0,0],"5":[7,0],"6":[7,0],"7":[7,0],"8":[29,0],"9":[0,0],"10":[0,0],"11":[0,0],"12":[0,0],"13":[0,0],"14":[0,0],"15":[0,0],"16":[0,0],"17":[0,0],"18":[0,0],"19":[0,0],"20":[3,1],"21":[0,1],"22":[0,0],"23":[8,0]},"f":{"1":36,"2":4,"3":11,"4":3,"5":4,"6":7,"7":0,"8":0,"9":7,"10":29,"11":0,"12":4,"13":8},"fnMap":{"1":{"name":"diamondStorage","line":44,"loc":{"start":{"line":44,"column":4},"end":{"line":50,"column":4}}},"2":{"name":"setContractOwner","line":54,"loc":{"start":{"line":54,"column":4},"end":{"line":59,"column":4}}},"3":{"name":"contractOwner","line":61,"loc":{"start":{"line":61,"column":4},"end":{"line":63,"column":4}}},"4":{"name":"enforceIsContractOwner","line":65,"loc":{"start":{"line":65,"column":4},"end":{"line":67,"column":4}}},"5":{"name":"diamondCut","line":72,"loc":{"start":{"line":72,"column":4},"end":{"line":87,"column":4}}},"6":{"name":"addFunctions","line":89,"loc":{"start":{"line":89,"column":4},"end":{"line":105,"column":4}}},"7":{"name":"replaceFunctions","line":107,"loc":{"start":{"line":107,"column":4},"end":{"line":124,"column":4}}},"8":{"name":"removeFunctions","line":126,"loc":{"start":{"line":126,"column":4},"end":{"line":136,"column":4}}},"9":{"name":"addFacet","line":138,"loc":{"start":{"line":138,"column":4},"end":{"line":142,"column":4}}},"10":{"name":"addFunction","line":144,"loc":{"start":{"line":144,"column":4},"end":{"line":148,"column":4}}},"11":{"name":"removeFunction","line":150,"loc":{"start":{"line":150,"column":4},"end":{"line":180,"column":4}}},"12":{"name":"initializeDiamondCut","line":182,"loc":{"start":{"line":182,"column":4},"end":{"line":200,"column":4}}},"13":{"name":"enforceHasContractCode","line":202,"loc":{"start":{"line":202,"column":4},"end":{"line":208,"column":4}}}},"statementMap":{"1":{"start":{"line":45,"column":8},"end":{"line":45,"column":51}},"2":{"start":{"line":55,"column":8},"end":{"line":55,"column":52}},"3":{"start":{"line":56,"column":8},"end":{"line":56,"column":48}},"4":{"start":{"line":58,"column":8},"end":{"line":58,"column":59}},"5":{"start":{"line":66,"column":8},"end":{"line":66,"column":98}},"6":{"start":{"line":73,"column":8},"end":{"line":73,"column":3076}},"7":{"start":{"line":74,"column":12},"end":{"line":74,"column":78}},"8":{"start":{"line":75,"column":12},"end":{"line":75,"column":3246}},"9":{"start":{"line":76,"column":16},"end":{"line":76,"column":108}},"10":{"start":{"line":77,"column":19},"end":{"line":77,"column":3424}},"11":{"start":{"line":78,"column":16},"end":{"line":78,"column":112}},"12":{"start":{"line":79,"column":19},"end":{"line":79,"column":3610}},"13":{"start":{"line":80,"column":16},"end":{"line":80,"column":111}},"14":{"start":{"line":82,"column":16},"end":{"line":82,"column":64}},"15":{"start":{"line":85,"column":8},"end":{"line":85,"column":54}},"16":{"start":{"line":86,"column":8},"end":{"line":86,"column":45}},"17":{"start":{"line":90,"column":8},"end":{"line":90,"column":92}},"18":{"start":{"line":91,"column":8},"end":{"line":91,"column":52}},"19":{"start":{"line":92,"column":8},"end":{"line":92,"column":91}},"20":{"start":{"line":93,"column":8},"end":{"line":93,"column":107}},"21":{"start":{"line":95,"column":8},"end":{"line":95,"column":4504}},"22":{"start":{"line":96,"column":12},"end":{"line":96,"column":38}},"23":{"start":{"line":98,"column":8},"end":{"line":98,"column":4592}},"24":{"start":{"line":99,"column":12},"end":{"line":99,"column":63}},"25":{"start":{"line":100,"column":12},"end":{"line":100,"column":90}},"26":{"start":{"line":101,"column":12},"end":{"line":101,"column":106}},"27":{"start":{"line":102,"column":12},"end":{"line":102,"column":69}},"28":{"start":{"line":108,"column":8},"end":{"line":108,"column":92}},"29":{"start":{"line":109,"column":8},"end":{"line":109,"column":52}},"30":{"start":{"line":110,"column":8},"end":{"line":110,"column":91}},"31":{"start":{"line":111,"column":8},"end":{"line":111,"column":107}},"32":{"start":{"line":113,"column":8},"end":{"line":113,"column":5583}},"33":{"start":{"line":114,"column":12},"end":{"line":114,"column":38}},"34":{"start":{"line":116,"column":8},"end":{"line":116,"column":5671}},"35":{"start":{"line":117,"column":12},"end":{"line":117,"column":63}},"36":{"start":{"line":118,"column":12},"end":{"line":118,"column":90}},"37":{"start":{"line":119,"column":12},"end":{"line":119,"column":112}},"38":{"start":{"line":120,"column":12},"end":{"line":120,"column":56}},"39":{"start":{"line":121,"column":12},"end":{"line":121,"column":69}},"40":{"start":{"line":127,"column":8},"end":{"line":127,"column":92}},"41":{"start":{"line":128,"column":8},"end":{"line":128,"column":52}},"42":{"start":{"line":130,"column":8},"end":{"line":130,"column":101}},"43":{"start":{"line":131,"column":8},"end":{"line":131,"column":6638}},"44":{"start":{"line":132,"column":12},"end":{"line":132,"column":63}},"45":{"start":{"line":133,"column":12},"end":{"line":133,"column":90}},"46":{"start":{"line":134,"column":12},"end":{"line":134,"column":56}},"47":{"start":{"line":139,"column":8},"end":{"line":139,"column":84}},"48":{"start":{"line":141,"column":8},"end":{"line":141,"column":44}},"49":{"start":{"line":146,"column":8},"end":{"line":146,"column":81}},"50":{"start":{"line":151,"column":8},"end":{"line":151,"column":102}},"51":{"start":{"line":153,"column":8},"end":{"line":153,"column":96}},"52":{"start":{"line":155,"column":8},"end":{"line":155,"column":100}},"53":{"start":{"line":156,"column":8},"end":{"line":156,"column":108}},"54":{"start":{"line":158,"column":8},"end":{"line":158,"column":8428}},"55":{"start":{"line":159,"column":12},"end":{"line":159,"column":114}},"56":{"start":{"line":164,"column":8},"end":{"line":164,"column":71}},"57":{"start":{"line":168,"column":8},"end":{"line":168,"column":9072}},"58":{"start":{"line":170,"column":12},"end":{"line":170,"column":75}},"59":{"start":{"line":171,"column":12},"end":{"line":171,"column":104}},"60":{"start":{"line":172,"column":12},"end":{"line":172,"column":9395}},"61":{"start":{"line":173,"column":16},"end":{"line":173,"column":86}},"62":{"start":{"line":177,"column":12},"end":{"line":177,"column":34}},"63":{"start":{"line":183,"column":8},"end":{"line":183,"column":9958}},"64":{"start":{"line":184,"column":12},"end":{"line":184,"column":18}},"65":{"start":{"line":186,"column":8},"end":{"line":186,"column":80}},"66":{"start":{"line":187,"column":8},"end":{"line":187,"column":74}},"67":{"start":{"line":188,"column":8},"end":{"line":188,"column":10182}},"68":{"start":{"line":189,"column":12},"end":{"line":189,"column":10214}},"69":{"start":{"line":203,"column":8},"end":{"line":203,"column":28}},"70":{"start":{"line":207,"column":8},"end":{"line":207,"column":47}}},"branchMap":{"1":{"line":66,"type":"if","locations":[{"start":{"line":66,"column":8},"end":{"line":66,"column":8}},{"start":{"line":66,"column":8},"end":{"line":66,"column":8}}]},"2":{"line":75,"type":"if","locations":[{"start":{"line":75,"column":12},"end":{"line":75,"column":12}},{"start":{"line":75,"column":12},"end":{"line":75,"column":12}}]},"3":{"line":77,"type":"if","locations":[{"start":{"line":77,"column":19},"end":{"line":77,"column":19}},{"start":{"line":77,"column":19},"end":{"line":77,"column":19}}]},"4":{"line":79,"type":"if","locations":[{"start":{"line":79,"column":19},"end":{"line":79,"column":19}},{"start":{"line":79,"column":19},"end":{"line":79,"column":19}}]},"5":{"line":90,"type":"if","locations":[{"start":{"line":90,"column":8},"end":{"line":90,"column":8}},{"start":{"line":90,"column":8},"end":{"line":90,"column":8}}]},"6":{"line":92,"type":"if","locations":[{"start":{"line":92,"column":8},"end":{"line":92,"column":8}},{"start":{"line":92,"column":8},"end":{"line":92,"column":8}}]},"7":{"line":95,"type":"if","locations":[{"start":{"line":95,"column":8},"end":{"line":95,"column":8}},{"start":{"line":95,"column":8},"end":{"line":95,"column":8}}]},"8":{"line":101,"type":"if","locations":[{"start":{"line":101,"column":12},"end":{"line":101,"column":12}},{"start":{"line":101,"column":12},"end":{"line":101,"column":12}}]},"9":{"line":108,"type":"if","locations":[{"start":{"line":108,"column":8},"end":{"line":108,"column":8}},{"start":{"line":108,"column":8},"end":{"line":108,"column":8}}]},"10":{"line":110,"type":"if","locations":[{"start":{"line":110,"column":8},"end":{"line":110,"column":8}},{"start":{"line":110,"column":8},"end":{"line":110,"column":8}}]},"11":{"line":113,"type":"if","locations":[{"start":{"line":113,"column":8},"end":{"line":113,"column":8}},{"start":{"line":113,"column":8},"end":{"line":113,"column":8}}]},"12":{"line":119,"type":"if","locations":[{"start":{"line":119,"column":12},"end":{"line":119,"column":12}},{"start":{"line":119,"column":12},"end":{"line":119,"column":12}}]},"13":{"line":127,"type":"if","locations":[{"start":{"line":127,"column":8},"end":{"line":127,"column":8}},{"start":{"line":127,"column":8},"end":{"line":127,"column":8}}]},"14":{"line":130,"type":"if","locations":[{"start":{"line":130,"column":8},"end":{"line":130,"column":8}},{"start":{"line":130,"column":8},"end":{"line":130,"column":8}}]},"15":{"line":151,"type":"if","locations":[{"start":{"line":151,"column":8},"end":{"line":151,"column":8}},{"start":{"line":151,"column":8},"end":{"line":151,"column":8}}]},"16":{"line":153,"type":"if","locations":[{"start":{"line":153,"column":8},"end":{"line":153,"column":8}},{"start":{"line":153,"column":8},"end":{"line":153,"column":8}}]},"17":{"line":158,"type":"if","locations":[{"start":{"line":158,"column":8},"end":{"line":158,"column":8}},{"start":{"line":158,"column":8},"end":{"line":158,"column":8}}]},"18":{"line":168,"type":"if","locations":[{"start":{"line":168,"column":8},"end":{"line":168,"column":8}},{"start":{"line":168,"column":8},"end":{"line":168,"column":8}}]},"19":{"line":172,"type":"if","locations":[{"start":{"line":172,"column":12},"end":{"line":172,"column":12}},{"start":{"line":172,"column":12},"end":{"line":172,"column":12}}]},"20":{"line":183,"type":"if","locations":[{"start":{"line":183,"column":8},"end":{"line":183,"column":8}},{"start":{"line":183,"column":8},"end":{"line":183,"column":8}}]},"21":{"line":188,"type":"if","locations":[{"start":{"line":188,"column":8},"end":{"line":188,"column":8}},{"start":{"line":188,"column":8},"end":{"line":188,"column":8}}]},"22":{"line":189,"type":"if","locations":[{"start":{"line":189,"column":12},"end":{"line":189,"column":12}},{"start":{"line":189,"column":12},"end":{"line":189,"column":12}}]},"23":{"line":207,"type":"if","locations":[{"start":{"line":207,"column":8},"end":{"line":207,"column":8}},{"start":{"line":207,"column":8},"end":{"line":207,"column":8}}]}}},"contracts/shared/DiamondCutFacet.sol":{"l":{"23":1,"24":1},"path":"/Users/coderdan/Documents/GitHub/gv-camera-nft/contracts/shared/DiamondCutFacet.sol","s":{"1":1,"2":1},"b":{},"f":{"1":1},"fnMap":{"1":{"name":"diamondCut","line":22,"loc":{"start":{"line":22,"column":4},"end":{"line":25,"column":4}}}},"statementMap":{"1":{"start":{"line":23,"column":8},"end":{"line":23,"column":42}},"2":{"start":{"line":24,"column":8},"end":{"line":24,"column":59}}},"branchMap":{}},"contracts/shared/DiamondLoupeFacet.sol":{"l":{"28":0,"29":0,"30":0,"31":0,"32":0,"33":0,"34":0,"42":3,"43":3,"49":1,"50":1,"58":4,"59":4,"64":2,"65":2},"path":"/Users/coderdan/Documents/GitHub/gv-camera-nft/contracts/shared/DiamondLoupeFacet.sol","s":{"1":0,"2":0,"3":0,"4":0,"5":3,"6":1,"7":4,"8":2,"9":2},"b":{},"f":{"1":0,"2":3,"3":1,"4":4,"5":2},"fnMap":{"1":{"name":"facets","line":27,"loc":{"start":{"line":27,"column":4},"end":{"line":36,"column":4}}},"2":{"name":"facetFunctionSelectors","line":41,"loc":{"start":{"line":41,"column":4},"end":{"line":44,"column":4}}},"3":{"name":"facetAddresses","line":48,"loc":{"start":{"line":48,"column":4},"end":{"line":51,"column":4}}},"4":{"name":"facetAddress","line":57,"loc":{"start":{"line":57,"column":4},"end":{"line":60,"column":4}}},"5":{"name":"supportsInterface","line":63,"loc":{"start":{"line":63,"column":4},"end":{"line":66,"column":4}}}},"statementMap":{"1":{"start":{"line":28,"column":8},"end":{"line":28,"column":74}},"2":{"start":{"line":29,"column":8},"end":{"line":29,"column":52}},"3":{"start":{"line":31,"column":8},"end":{"line":31,"column":1351}},"4":{"start":{"line":32,"column":12},"end":{"line":32,"column":56}},"5":{"start":{"line":42,"column":8},"end":{"line":42,"column":74}},"6":{"start":{"line":49,"column":8},"end":{"line":49,"column":74}},"7":{"start":{"line":58,"column":8},"end":{"line":58,"column":74}},"8":{"start":{"line":64,"column":8},"end":{"line":64,"column":74}},"9":{"start":{"line":65,"column":8},"end":{"line":65,"column":51}}},"branchMap":{}},"contracts/shared/OwnershipFacet.sol":{"l":{"9":2,"10":1,"14":2},"path":"/Users/coderdan/Documents/GitHub/gv-camera-nft/contracts/shared/OwnershipFacet.sol","s":{"1":2,"2":1},"b":{},"f":{"1":2,"2":2},"fnMap":{"1":{"name":"transferOwnership","line":8,"loc":{"start":{"line":8,"column":4},"end":{"line":11,"column":4}}},"2":{"name":"owner","line":13,"loc":{"start":{"line":13,"column":4},"end":{"line":15,"column":4}}}},"statementMap":{"1":{"start":{"line":9,"column":8},"end":{"line":9,"column":42}},"2":{"start":{"line":10,"column":8},"end":{"line":10,"column":45}}},"branchMap":{}},"contracts/upgradeInitializers/DiamondInit.sol":{"l":{"28":0,"29":0,"30":0,"31":0,"32":0,"34":0,"35":0},"path":"/Users/coderdan/Documents/GitHub/gv-camera-nft/contracts/upgradeInitializers/DiamondInit.sol","s":{"1":0},"b":{},"f":{"1":0},"fnMap":{"1":{"name":"init","line":26,"loc":{"start":{"line":26,"column":4},"end":{"line":43,"column":4}}}},"statementMap":{"1":{"start":{"line":28,"column":8},"end":{"line":28,"column":74}}},"branchMap":{}}}