TN:
SF:/Users/coderdan/Documents/GitHub/gv-camera-nft/contracts/Diamond.sol
FN:16,constructor
FN:34,
FNF:2
FNH:2
FNDA:3,constructor
FNDA:33,
DA:17,3
DA:20,3
DA:21,3
DA:22,3
DA:23,3
DA:24,3
DA:27,3
DA:29,3
DA:35,33
DA:36,33
DA:38,33
DA:42,33
DA:43,33
DA:45,33
LF:14
LH:14
BRDA:43,1,0,33
BRDA:43,1,1,0
BRF:2
BRH:1
end_of_record
TN:
SF:/Users/coderdan/Documents/GitHub/gv-camera-nft/contracts/facets/AdminFacet.sol
FN:11,setRoyaltyPercentage
FN:16,getRoyaltyPercentage
FNF:2
FNH:2
FNDA:1,setRoyaltyPercentage
FNDA:2,getRoyaltyPercentage
DA:12,1
DA:13,1
DA:17,2
DA:18,2
LF:4
LH:4
BRDA:11,1,0,1
BRDA:11,1,1,0
BRF:2
BRH:1
end_of_record
TN:
SF:/Users/coderdan/Documents/GitHub/gv-camera-nft/contracts/facets/NFTFacet.sol
FN:23,constructor
FN:34,mintPhotoToOwner
FN:68,batchMintPhotos
FN:98,getPhotos
FN:115,getPhotosLength
FN:120,tokenURI
FN:152,royaltyInfo
FNF:7
FNH:7
FNDA:3,constructor
FNDA:7,mintPhotoToOwner
FNDA:1,batchMintPhotos
FNDA:2,getPhotos
FNDA:1,getPhotosLength
FNDA:1,tokenURI
FNDA:1,royaltyInfo
DA:35,7
DA:36,7
DA:38,7
DA:53,7
DA:55,7
DA:56,7
DA:69,1
DA:78,1
DA:79,2
DA:99,2
DA:101,2
DA:102,1
DA:105,1
DA:107,1
DA:108,1
DA:109,1
DA:112,1
DA:116,1
DA:121,1
DA:122,1
DA:124,1
DA:126,1
DA:153,1
DA:155,1
LF:24
LH:24
BRDA:34,1,0,7
BRDA:34,1,1,0
BRDA:68,2,0,1
BRDA:68,2,1,0
BRDA:69,3,0,1
BRDA:69,3,1,0
BRDA:101,4,0,1
BRDA:101,4,1,1
BRDA:108,5,0,1
BRDA:108,5,1,0
BRDA:122,6,0,1
BRDA:122,6,1,0
BRF:12
BRH:7
end_of_record
TN:
SF:/Users/coderdan/Documents/GitHub/gv-camera-nft/contracts/interfaces/IDiamondCut.sol
FNF:0
FNH:0
LF:0
LH:0
BRF:0
BRH:0
end_of_record
TN:
SF:/Users/coderdan/Documents/GitHub/gv-camera-nft/contracts/interfaces/IDiamondLoupe.sol
FNF:0
FNH:0
LF:0
LH:0
BRF:0
BRH:0
end_of_record
TN:
SF:/Users/coderdan/Documents/GitHub/gv-camera-nft/contracts/interfaces/IERC1155.sol
FNF:0
FNH:0
LF:0
LH:0
BRF:0
BRH:0
end_of_record
TN:
SF:/Users/coderdan/Documents/GitHub/gv-camera-nft/contracts/interfaces/IERC165.sol
FNF:0
FNH:0
LF:0
LH:0
BRF:0
BRH:0
end_of_record
TN:
SF:/Users/coderdan/Documents/GitHub/gv-camera-nft/contracts/interfaces/IERC173.sol
FNF:0
FNH:0
LF:0
LH:0
BRF:0
BRH:0
end_of_record
TN:
SF:/Users/coderdan/Documents/GitHub/gv-camera-nft/contracts/interfaces/IERC2981.sol
FNF:0
FNH:0
LF:0
LH:0
BRF:0
BRH:0
end_of_record
TN:
SF:/Users/coderdan/Documents/GitHub/gv-camera-nft/contracts/interfaces/IERC721.sol
FNF:0
FNH:0
LF:0
LH:0
BRF:0
BRH:0
end_of_record
TN:
SF:/Users/coderdan/Documents/GitHub/gv-camera-nft/contracts/libraries/LibAppStorage.sol
FN:26,diamondStorage
FN:34,onlyContractOwner
FN:39,onlyMinterOrContractOwner
FNF:3
FNH:3
FNDA:26,diamondStorage
FNDA:1,onlyContractOwner
FNDA:8,onlyMinterOrContractOwner
DA:27,26
DA:35,1
DA:36,1
DA:40,8
DA:44,8
LF:5
LH:5
BRDA:35,1,0,1
BRDA:35,1,1,0
BRDA:40,2,0,8
BRDA:40,2,1,0
BRDA:41,3,0,0
BRDA:41,3,1,8
BRF:6
BRH:3
end_of_record
TN:
SF:/Users/coderdan/Documents/GitHub/gv-camera-nft/contracts/libraries/LibDiamond.sol
FN:44,diamondStorage
FN:54,setContractOwner
FN:61,contractOwner
FN:65,enforceIsContractOwner
FN:72,diamondCut
FN:89,addFunctions
FN:107,replaceFunctions
FN:126,removeFunctions
FN:138,addFacet
FN:144,addFunction
FN:150,removeFunction
FN:182,initializeDiamondCut
FN:202,enforceHasContractCode
FNF:13
FNH:10
FNDA:36,diamondStorage
FNDA:4,setContractOwner
FNDA:11,contractOwner
FNDA:3,enforceIsContractOwner
FNDA:4,diamondCut
FNDA:7,addFunctions
FNDA:0,replaceFunctions
FNDA:0,removeFunctions
FNDA:7,addFacet
FNDA:29,addFunction
FNDA:0,removeFunction
FNDA:4,initializeDiamondCut
FNDA:8,enforceHasContractCode
DA:45,36
DA:47,36
DA:55,4
DA:56,4
DA:57,4
DA:58,4
DA:62,11
DA:66,3
DA:73,4
DA:74,7
DA:75,7
DA:76,7
DA:78,0
DA:80,0
DA:82,0
DA:85,4
DA:86,4
DA:90,7
DA:91,7
DA:92,7
DA:93,7
DA:95,7
DA:96,7
DA:98,7
DA:99,29
DA:100,29
DA:101,29
DA:102,29
DA:103,29
DA:108,0
DA:109,0
DA:110,0
DA:111,0
DA:113,0
DA:114,0
DA:116,0
DA:117,0
DA:118,0
DA:119,0
DA:120,0
DA:121,0
DA:122,0
DA:127,0
DA:128,0
DA:130,0
DA:131,0
DA:132,0
DA:133,0
DA:134,0
DA:139,7
DA:140,7
DA:141,7
DA:145,29
DA:146,29
DA:147,29
DA:151,0
DA:153,0
DA:155,0
DA:156,0
DA:158,0
DA:159,0
DA:160,0
DA:161,0
DA:164,0
DA:165,0
DA:168,0
DA:170,0
DA:171,0
DA:172,0
DA:173,0
DA:174,0
DA:175,0
DA:177,0
DA:178,0
DA:183,4
DA:184,3
DA:186,1
DA:187,1
DA:188,1
DA:189,0
DA:192,0
DA:197,0
DA:203,8
DA:204,8
DA:207,8
LF:85
LH:40
BRDA:66,1,0,2
BRDA:66,1,1,1
BRDA:75,2,0,7
BRDA:75,2,1,0
BRDA:77,3,0,0
BRDA:77,3,1,0
BRDA:79,4,0,0
BRDA:79,4,1,0
BRDA:90,5,0,7
BRDA:90,5,1,0
BRDA:92,6,0,7
BRDA:92,6,1,0
BRDA:95,7,0,7
BRDA:95,7,1,0
BRDA:101,8,0,29
BRDA:101,8,1,0
BRDA:108,9,0,0
BRDA:108,9,1,0
BRDA:110,10,0,0
BRDA:110,10,1,0
BRDA:113,11,0,0
BRDA:113,11,1,0
BRDA:119,12,0,0
BRDA:119,12,1,0
BRDA:127,13,0,0
BRDA:127,13,1,0
BRDA:130,14,0,0
BRDA:130,14,1,0
BRDA:151,15,0,0
BRDA:151,15,1,0
BRDA:153,16,0,0
BRDA:153,16,1,0
BRDA:158,17,0,0
BRDA:158,17,1,0
BRDA:168,18,0,0
BRDA:168,18,1,0
BRDA:172,19,0,0
BRDA:172,19,1,0
BRDA:183,20,0,3
BRDA:183,20,1,1
BRDA:188,21,0,0
BRDA:188,21,1,1
BRDA:189,22,0,0
BRDA:189,22,1,0
BRDA:207,23,0,8
BRDA:207,23,1,0
BRF:46
BRH:11
end_of_record
TN:
SF:/Users/coderdan/Documents/GitHub/gv-camera-nft/contracts/shared/DiamondCutFacet.sol
FN:22,diamondCut
FNF:1
FNH:1
FNDA:1,diamondCut
DA:23,1
DA:24,1
LF:2
LH:2
BRF:0
BRH:0
end_of_record
TN:
SF:/Users/coderdan/Documents/GitHub/gv-camera-nft/contracts/shared/DiamondLoupeFacet.sol
FN:27,facets
FN:41,facetFunctionSelectors
FN:48,facetAddresses
FN:57,facetAddress
FN:63,supportsInterface
FNF:5
FNH:4
FNDA:0,facets
FNDA:3,facetFunctionSelectors
FNDA:1,facetAddresses
FNDA:4,facetAddress
FNDA:2,supportsInterface
DA:28,0
DA:29,0
DA:30,0
DA:31,0
DA:32,0
DA:33,0
DA:34,0
DA:42,3
DA:43,3
DA:49,1
DA:50,1
DA:58,4
DA:59,4
DA:64,2
DA:65,2
LF:15
LH:8
BRF:0
BRH:0
end_of_record
TN:
SF:/Users/coderdan/Documents/GitHub/gv-camera-nft/contracts/shared/OwnershipFacet.sol
FN:8,transferOwnership
FN:13,owner
FNF:2
FNH:2
FNDA:2,transferOwnership
FNDA:2,owner
DA:9,2
DA:10,1
DA:14,2
LF:3
LH:3
BRF:0
BRH:0
end_of_record
TN:
SF:/Users/coderdan/Documents/GitHub/gv-camera-nft/contracts/upgradeInitializers/DiamondInit.sol
FN:26,init
FNF:1
FNH:0
FNDA:0,init
DA:28,0
DA:29,0
DA:30,0
DA:31,0
DA:32,0
DA:34,0
DA:35,0
LF:7
LH:0
BRF:0
BRH:0
end_of_record
